{
  "stats": {
    "suites": 1,
    "tests": 2,
    "passes": 2,
    "pending": 0,
    "failures": 0,
    "start": "2023-06-08T23:13:25.388Z",
    "end": "2023-06-08T23:13:45.585Z",
    "duration": 20197,
    "testsRegistered": 2,
    "passPercent": 100,
    "pendingPercent": 0,
    "other": 0,
    "hasOther": false,
    "skipped": 0,
    "hasSkipped": false
  },
  "results": [
    {
      "uuid": "a1fc063c-5eed-409b-b805-44edb87470f1",
      "title": "",
      "fullFile": "cypress\\e2e\\pomdemo.cy.js",
      "file": "cypress\\e2e\\pomdemo.cy.js",
      "beforeHooks": [],
      "afterHooks": [],
      "tests": [],
      "suites": [
        {
          "uuid": "a598ea14-e818-40e9-958a-cbf4826ca08d",
          "title": "All Login tests",
          "fullFile": "",
          "file": "",
          "beforeHooks": [],
          "afterHooks": [],
          "tests": [
            {
              "title": "Login test 1",
              "fullTitle": "All Login tests Login test 1",
              "timedOut": null,
              "duration": 12583,
              "state": "passed",
              "speed": "slow",
              "pass": true,
              "fail": false,
              "pending": false,
              "context": null,
              "code": "loginpage.enterUsername(\"Admin\");\nloginpage.enterPassword(\"admin123\");\nloginpage.clickLogin();",
              "err": {},
              "uuid": "6a5ed610-31f4-4216-b7d7-e886080000ab",
              "parentUUID": "a598ea14-e818-40e9-958a-cbf4826ca08d",
              "isHook": false,
              "skipped": false
            },
            {
              "title": "login test 2",
              "fullTitle": "All Login tests login test 2",
              "timedOut": null,
              "duration": 3068,
              "state": "passed",
              "speed": "fast",
              "pass": true,
              "fail": false,
              "pending": false,
              "context": null,
              "code": "loginpage.enterUsername(\"Admin12\");\nloginpage.enterPassword(\"admin123\");\nloginpage.clickLogin();",
              "err": {},
              "uuid": "25ff2bb3-06a2-4819-9b0d-65adf3d119ae",
              "parentUUID": "a598ea14-e818-40e9-958a-cbf4826ca08d",
              "isHook": false,
              "skipped": false
            }
          ],
          "suites": [],
          "passes": [
            "6a5ed610-31f4-4216-b7d7-e886080000ab",
            "25ff2bb3-06a2-4819-9b0d-65adf3d119ae"
          ],
          "failures": [],
          "pending": [],
          "skipped": [],
          "duration": 15651,
          "root": false,
          "rootEmpty": false,
          "_timeout": 2000
        }
      ],
      "passes": [],
      "failures": [],
      "pending": [],
      "skipped": [],
      "duration": 0,
      "root": true,
      "rootEmpty": true,
      "_timeout": 2000
    }
  ],
  "meta": {
    "mocha": {
      "version": "7.0.1"
    },
    "mochawesome": {
      "options": {
        "quiet": false,
        "reportFilename": "mochawesome",
        "saveHtml": false,
        "saveJson": true,
        "consoleReporter": "spec",
        "useInlineDiffs": false,
        "code": true
      },
      "version": "7.1.3"
    },
    "marge": {
      "options": {
        "charts": true,
        "overwrite": false,
        "html": false,
        "json": true,
        "reportDir": "cypress/reports"
      },
      "version": "6.2.0"
    }
  }
}