{
  "stats": {
    "suites": 0,
    "tests": 2,
    "passes": 2,
    "pending": 0,
    "failures": 0,
    "start": "2023-06-08T23:13:11.408Z",
    "end": "2023-06-08T23:13:17.073Z",
    "duration": 5665,
    "testsRegistered": 2,
    "passPercent": 100,
    "pendingPercent": 0,
    "other": 0,
    "hasOther": false,
    "skipped": 0,
    "hasSkipped": false
  },
  "results": [
    {
      "uuid": "dbd5d6c7-f8e2-4edf-8926-08fdd775de39",
      "title": "",
      "fullFile": "cypress\\e2e\\downloadupload.cy.js",
      "file": "cypress\\e2e\\downloadupload.cy.js",
      "beforeHooks": [],
      "afterHooks": [],
      "tests": [
        {
          "title": "Uploading files Test",
          "fullTitle": "Uploading files Test",
          "timedOut": null,
          "duration": 782,
          "state": "passed",
          "speed": "fast",
          "pass": true,
          "fail": false,
          "pending": false,
          "context": null,
          "code": "cy.visit(\"https://trytestingthis.netlify.app/\");\ncy.get(\"#myfile\").attachFile(\"example.json\");",
          "err": {},
          "uuid": "17b1b33c-c769-4a00-b9e3-60b08f2b3199",
          "parentUUID": "dbd5d6c7-f8e2-4edf-8926-08fdd775de39",
          "isHook": false,
          "skipped": false
        },
        {
          "title": "Downlaod file Test",
          "fullTitle": "Downlaod file Test",
          "timedOut": null,
          "duration": 733,
          "state": "passed",
          "speed": "fast",
          "pass": true,
          "fail": false,
          "pending": false,
          "context": null,
          "code": "cy.downloadFile(\"https://upload.wikimedia.org/wikipedia/en/a/a9/Example.jpg\", \"mydownloads\", \"example.jpg\");",
          "err": {},
          "uuid": "b09bcc2c-c9d3-4a79-9798-8fa26a715fcb",
          "parentUUID": "dbd5d6c7-f8e2-4edf-8926-08fdd775de39",
          "isHook": false,
          "skipped": false
        }
      ],
      "suites": [],
      "passes": [
        "17b1b33c-c769-4a00-b9e3-60b08f2b3199",
        "b09bcc2c-c9d3-4a79-9798-8fa26a715fcb"
      ],
      "failures": [],
      "pending": [],
      "skipped": [],
      "duration": 1515,
      "root": true,
      "rootEmpty": false,
      "_timeout": 2000
    }
  ],
  "meta": {
    "mocha": {
      "version": "7.0.1"
    },
    "mochawesome": {
      "options": {
        "quiet": false,
        "reportFilename": "mochawesome",
        "saveHtml": false,
        "saveJson": true,
        "consoleReporter": "spec",
        "useInlineDiffs": false,
        "code": true
      },
      "version": "7.1.3"
    },
    "marge": {
      "options": {
        "charts": true,
        "overwrite": false,
        "html": false,
        "json": true,
        "reportDir": "cypress/reports"
      },
      "version": "6.2.0"
    }
  }
}