{
  "stats": {
    "suites": 0,
    "tests": 3,
    "passes": 3,
    "pending": 0,
    "failures": 0,
    "start": "2023-06-08T23:13:52.196Z",
    "end": "2023-06-08T23:13:52.794Z",
    "duration": 598,
    "testsRegistered": 3,
    "passPercent": 100,
    "pendingPercent": 0,
    "other": 0,
    "hasOther": false,
    "skipped": 0,
    "hasSkipped": false
  },
  "results": [
    {
      "uuid": "f9b316d6-2b76-4a41-aafc-c2773d91c714",
      "title": "",
      "fullFile": "cypress\\e2e\\readwritefile.cy.js",
      "file": "cypress\\e2e\\readwritefile.cy.js",
      "beforeHooks": [],
      "afterHooks": [],
      "tests": [
        {
          "title": "Testing fixtures",
          "fullTitle": "Testing fixtures",
          "timedOut": null,
          "duration": 443,
          "state": "passed",
          "speed": "fast",
          "pass": true,
          "fail": false,
          "pending": false,
          "context": null,
          "code": "cy.fixture(\"example.json\").then(data => {\n  cy.log(data.name);\n  cy.log(data.email);\n});",
          "err": {},
          "uuid": "21d49832-3aa2-4ddd-b4f4-a89bac537d24",
          "parentUUID": "f9b316d6-2b76-4a41-aafc-c2773d91c714",
          "isHook": false,
          "skipped": false
        },
        {
          "title": "read files using ReadFile()",
          "fullTitle": "read files using ReadFile()",
          "timedOut": null,
          "duration": 60,
          "state": "passed",
          "speed": "fast",
          "pass": true,
          "fail": false,
          "pending": false,
          "context": null,
          "code": "cy.readFile(\"./cypress/fixtures/example.json\").then(data => {\n  cy.log(data.name);\n});",
          "err": {},
          "uuid": "d72bb4f6-4f56-4aa4-a2ff-db89b40d2833",
          "parentUUID": "f9b316d6-2b76-4a41-aafc-c2773d91c714",
          "isHook": false,
          "skipped": false
        },
        {
          "title": "Writing files using writeFile()",
          "fullTitle": "Writing files using writeFile()",
          "timedOut": null,
          "duration": 57,
          "state": "passed",
          "speed": "fast",
          "pass": true,
          "fail": false,
          "pending": false,
          "context": null,
          "code": "cy.writeFile(\"sample.txt\", \"Hello world\\n\");\ncy.writeFile(\"sample.txt\", \"I am using Cypress for testing\", {\n  flag: \"a+\"\n});",
          "err": {},
          "uuid": "0238059f-53fd-4ced-bfe7-d388e75f04ab",
          "parentUUID": "f9b316d6-2b76-4a41-aafc-c2773d91c714",
          "isHook": false,
          "skipped": false
        }
      ],
      "suites": [],
      "passes": [
        "21d49832-3aa2-4ddd-b4f4-a89bac537d24",
        "d72bb4f6-4f56-4aa4-a2ff-db89b40d2833",
        "0238059f-53fd-4ced-bfe7-d388e75f04ab"
      ],
      "failures": [],
      "pending": [],
      "skipped": [],
      "duration": 560,
      "root": true,
      "rootEmpty": false,
      "_timeout": 2000
    }
  ],
  "meta": {
    "mocha": {
      "version": "7.0.1"
    },
    "mochawesome": {
      "options": {
        "quiet": false,
        "reportFilename": "mochawesome",
        "saveHtml": false,
        "saveJson": true,
        "consoleReporter": "spec",
        "useInlineDiffs": false,
        "code": true
      },
      "version": "7.1.3"
    },
    "marge": {
      "options": {
        "charts": true,
        "overwrite": false,
        "html": false,
        "json": true,
        "reportDir": "cypress/reports"
      },
      "version": "6.2.0"
    }
  }
}